<?xml version="1.0" encoding="UTF-8"?>
<!-- Generated by org.testng.reporters.JUnitReportReporter -->
<testsuite skipped="2" hostname="DESKTOP-B8SGIQ2" name="TestNG.Annotations" tests="3" failures="0" timestamp="10 Mar 2020 19:35:46 GMT" time="14.155" errors="0">
  <testcase name="TC1_Login" time="14.155" classname="TestNG.Annotations"/>
  <testcase name="TC2_NoPswd" classname="TestNG.Annotations">
    <skipped/>
  </testcase> <!-- TC2_NoPswd -->
  <testcase name="TC03_CheckRememberMe" classname="TestNG.Annotations">
    <skipped/>
  </testcase> <!-- TC03_CheckRememberMe -->
</testsuite> <!-- TestNG.Annotations -->
